d:\1study\project\lab2\lab2-2\x64\debug\vc143.pdb
d:\1study\project\lab2\lab2-2\x64\debug\passthrough.obj
d:\1study\project\lab2\lab2-2\x64\debug\aes.obj
d:\1study\project\lab2\lab2-2\x64\debug\passthrough\passthrough.cat
d:\1study\project\lab2\lab2-2\x64\debug\passthrough.sys
d:\1study\project\lab2\lab2-2\x64\debug\passthrough.pdb
d:\1study\project\lab2\lab2-2\x64\debug\passthrough.res
d:\1study\project\lab2\lab2-2\x64\debug\passthrough.inf
d:\1study\project\lab2\lab2-2\x64\debug\passthrough.tlog\cl.command.1.tlog
d:\1study\project\lab2\lab2-2\x64\debug\passthrough.tlog\cl.items.tlog
d:\1study\project\lab2\lab2-2\x64\debug\passthrough.tlog\cl.read.1.tlog
d:\1study\project\lab2\lab2-2\x64\debug\passthrough.tlog\cl.write.1.tlog
d:\1study\project\lab2\lab2-2\x64\debug\passthrough.tlog\inf2cat-expand.19596.read.1.tlog
d:\1study\project\lab2\lab2-2\x64\debug\passthrough.tlog\inf2cat-expand.19596.write.1.tlog
d:\1study\project\lab2\lab2-2\x64\debug\passthrough.tlog\inf2cat-expand.read.1.tlog
d:\1study\project\lab2\lab2-2\x64\debug\passthrough.tlog\inf2cat-expand.write.1.tlog
d:\1study\project\lab2\lab2-2\x64\debug\passthrough.tlog\inf2cat.command.1.tlog
d:\1study\project\lab2\lab2-2\x64\debug\passthrough.tlog\inf2cat.read.1.tlog
d:\1study\project\lab2\lab2-2\x64\debug\passthrough.tlog\inf2cat.write.1.tlog
d:\1study\project\lab2\lab2-2\x64\debug\passthrough.tlog\link.command.1.tlog
d:\1study\project\lab2\lab2-2\x64\debug\passthrough.tlog\link.read.1.tlog
d:\1study\project\lab2\lab2-2\x64\debug\passthrough.tlog\link.write.1.tlog
d:\1study\project\lab2\lab2-2\x64\debug\passthrough.tlog\rc.command.1.tlog
d:\1study\project\lab2\lab2-2\x64\debug\passthrough.tlog\rc.read.1.tlog
d:\1study\project\lab2\lab2-2\x64\debug\passthrough.tlog\rc.write.1.tlog
d:\1study\project\lab2\lab2-2\x64\debug\passthrough.tlog\signtool.command.1.tlog
d:\1study\project\lab2\lab2-2\x64\debug\passthrough.tlog\signtool.read.1.tlog
d:\1study\project\lab2\lab2-2\x64\debug\passthrough.tlog\signtool.timestamp.1.tlog
d:\1study\project\lab2\lab2-2\x64\debug\passthrough.tlog\signtool.write.1.tlog
d:\1study\project\lab2\lab2-2\x64\debug\passthrough.tlog\stampinf.command.1.tlog
d:\1study\project\lab2\lab2-2\x64\debug\passthrough.tlog\stampinf.read.1.tlog
d:\1study\project\lab2\lab2-2\x64\debug\passthrough.tlog\stampinf.write.1.tlog
